<?xml version="1.0" encoding="UTF-8"?>
<!-- Generated by org.testng.reporters.JUnitReportReporter -->
<testsuite hostname="DESKTOP-P1LJ2GU" failures="0" tests="3" name="testcases.TestLogIn" time="3.212" errors="0" timestamp="2021-08-12T11:03:09 EDT" skipped="0">
  <testcase classname="testcases.TestLogIn" name="signin" time="0.310"/>
  <testcase classname="testcases.TestLogIn" name="logIn" time="0.634"/>
  <testcase classname="testcases.TestLogIn" name="addPayee" time="2.268"/>
</testsuite> <!-- testcases.TestLogIn -->
