<?xml version="1.0" encoding="UTF-8"?>
<!-- Generated by org.testng.reporters.JUnitReportReporter -->
<testsuite hostname="DESKTOP-P1LJ2GU" failures="0" tests="1" name="pack.TestCase2" time="4.887" errors="0" timestamp="2021-07-21T12:12:04 EDT" skipped="0">
  <testcase classname="pack.TestCase2" name="testTestCase2" time="4.887"/>
  <system-out/>
</testsuite> <!-- pack.TestCase2 -->
