<?xml version="1.0" encoding="UTF-8"?>
<!-- Generated by org.testng.reporters.JUnitReportReporter -->
<testsuite hostname="DESKTOP-P1LJ2GU" failures="0" tests="1" name="Pac1.FisrstTestNG" time="2.680" errors="0" timestamp="2021-07-14T18:56:14 EDT" skipped="0">
  <testcase classname="Pac1.FisrstTestNG" name="verifyHomePageTitle" time="2.680"/>
  <system-out/>
</testsuite> <!-- Pac1.FisrstTestNG -->
