<?xml version="1.0" encoding="UTF-8"?>
<!-- Generated by org.testng.reporters.JUnitReportReporter -->
<testsuite hostname="DESKTOP-P1LJ2GU" failures="0" tests="1" name="Pac1.TestNgGroups" time="0.000" errors="0" timestamp="2021-07-19T23:20:24 EDT" skipped="0">
  <testcase classname="Pac1.TestNgGroups" name="testMethod2" time="0.000"/>
  <system-out/>
</testsuite> <!-- Pac1.TestNgGroups -->
