<?xml version="1.0" encoding="UTF-8"?>
<!-- Generated by org.testng.reporters.JUnitReportReporter -->
<testsuite hostname="DESKTOP-P1LJ2GU" failures="0" tests="1" name="Pac1.Test1" time="0.005" errors="0" timestamp="2021-07-14T18:56:30 EDT" skipped="0">
  <testcase classname="Pac1.Test1" name="testMethod2" time="0.005"/>
  <system-out/>
</testsuite> <!-- Pac1.Test1 -->
