<?xml version="1.0" encoding="UTF-8"?>
<!-- Generated by org.testng.reporters.JUnitReportReporter -->
<testsuite hostname="DESKTOP-P1LJ2GU" failures="0" tests="3" name="Pac1.MultipleTestCases" time="0.004" errors="0" timestamp="2021-07-14T18:56:14 EDT" skipped="0">
  <testcase classname="Pac1.MultipleTestCases" name="b_test" time="0.001"/>
  <system-out/>
  <testcase classname="Pac1.MultipleTestCases" name="c_test" time="0.001"/>
  <system-out/>
  <testcase classname="Pac1.MultipleTestCases" name="a_test" time="0.002"/>
  <system-out/>
</testsuite> <!-- Pac1.MultipleTestCases -->
