<?xml version="1.0" encoding="UTF-8"?>
<!-- Generated by org.testng.reporters.JUnitReportReporter -->
<testsuite hostname="DESKTOP-P1LJ2GU" failures="0" tests="4" name="NewTest" time="0.149" errors="0" timestamp="2021-07-20T00:36:51 EDT" skipped="1">
  <testcase classname="NewTest" name="accoutTest" time="0.007"/>
  <system-out/>
  <testcase classname="NewTest" name="openBrowser" time="0.071"/>
  <system-out/>
  <testcase classname="NewTest" name="closeBrowser" time="0.071"/>
  <system-out>
    <![CDATA[driver got closed after testing]]>
  </system-out>
  <testcase classname="NewTest" name="skipTest" time="0.000">
    <skipped/>
  </testcase> <!-- skipTest -->
  <system-out/>
</testsuite> <!-- NewTest -->
